[2023-06-29 15:21:06] [info] Start Program:
Path:"sudoku.exe"
Arguments:-c 10 -n 10 -m 3 -r 50 -u -s game.txt 
Working directory: not set.
Modules: Selected: * Excluded: 
Sources: Selected: C:\Users\25747\source\repos\sudoku\sudoku Excluded: 
Log Level: Normal
Cover Children: 0
Aggregate by file: 1
Continue after C++ exception: 0
Optimized build support: 0
Export: html 
Input coverage: 
Unified diff: 
Excluded line regular expressions: 
Substitute pdb source paths: 
[2023-06-29 15:21:06] [info] Module: C:\Users\25747\source\repos\sudoku\Debug\sudoku.exe is selected because it matches selected pattern: *
[2023-06-29 15:21:06] [info] Module: C:\Windows\System32\ntdll.dll is selected because it matches selected pattern: *
[2023-06-29 15:21:06] [info] Module: C:\Windows\SysWOW64\ntdll.dll is selected because it matches selected pattern: *
[2023-06-29 15:21:06] [info] Module: C:\Windows\System32\wow64.dll is selected because it matches selected pattern: *
[2023-06-29 15:21:06] [info] Module: C:\Windows\System32\wow64base.dll is selected because it matches selected pattern: *
[2023-06-29 15:21:06] [info] Module: C:\Windows\System32\wow64win.dll is selected because it matches selected pattern: *
[2023-06-29 15:21:06] [info] Module: C:\Windows\System32\wow64con.dll is selected because it matches selected pattern: *
[2023-06-29 15:21:06] [info] Module: C:\Windows\System32\wow64cpu.dll is selected because it matches selected pattern: *
[2023-06-29 15:21:06] [info] Module: C:\Windows\SysWOW64\kernel32.dll is selected because it matches selected pattern: *
[2023-06-29 15:21:06] [info] Module: C:\Windows\SysWOW64\KernelBase.dll is selected because it matches selected pattern: *
[2023-06-29 15:21:06] [info] Module: C:\Windows\SysWOW64\msvcp140d.dll is selected because it matches selected pattern: *
[2023-06-29 15:21:06] [info] Module: C:\Windows\SysWOW64\vcruntime140d.dll is selected because it matches selected pattern: *
[2023-06-29 15:21:06] [info] Module: C:\Windows\SysWOW64\ucrtbased.dll is selected because it matches selected pattern: *
[2023-06-29 15:21:06] [info] Module: C:\Windows\SysWOW64\advapi32.dll is selected because it matches selected pattern: *
[2023-06-29 15:21:06] [info] Module: C:\Windows\SysWOW64\msvcrt.dll is selected because it matches selected pattern: *
[2023-06-29 15:21:06] [info] Module: C:\Windows\SysWOW64\sechost.dll is selected because it matches selected pattern: *
[2023-06-29 15:21:06] [info] Module: C:\Windows\SysWOW64\rpcrt4.dll is selected because it matches selected pattern: *
[2023-06-29 15:21:06] [info] Module: C:\Windows\SysWOW64\cryptbase.dll is selected because it matches selected pattern: *
[2023-06-29 15:21:06] [info] Module: C:\Windows\SysWOW64\bcryptprimitives.dll is selected because it matches selected pattern: *
[2023-06-29 15:21:35] [info] Module: C:\Windows\SysWOW64\kernel.appcore.dll is selected because it matches selected pattern: *
[2023-06-29 15:21:35] [info] ----------------------------------------------------
[2023-06-29 15:21:35] [info] Coverage generated in Folder C:\Users\25747\source\repos\sudoku\Debug\CoverageReport-2023-06-29-15h21m35s
[2023-06-29 15:21:35] [info] ----------------------------------------------------
[2023-06-29 15:21:35] [info] The code coverage report is not what you expect? See the FAQ https://github.com/OpenCppCoverage/OpenCppCoverage/wiki/FAQ.
